0 info it worked if it ends with ok
1 verbose cli [ '/usr/bin/node', '/usr/bin/npm', 'install', '-g', 'bower' ]
2 info using npm@1.4.14
3 info using node@v0.10.29
4 verbose node symlink /usr/bin/node
5 verbose cache add [ 'bower', null ]
6 verbose cache add name=undefined spec="bower" args=["bower",null]
7 verbose parsed url { protocol: null,
7 verbose parsed url   slashes: null,
7 verbose parsed url   auth: null,
7 verbose parsed url   host: null,
7 verbose parsed url   port: null,
7 verbose parsed url   hostname: null,
7 verbose parsed url   hash: null,
7 verbose parsed url   search: null,
7 verbose parsed url   query: null,
7 verbose parsed url   pathname: 'bower',
7 verbose parsed url   path: 'bower',
7 verbose parsed url   href: 'bower' }
8 silly lockFile 206e3ce5-bower bower
9 verbose lock bower /home/vagrant/.npm/206e3ce5-bower.lock
10 silly lockFile 206e3ce5-bower bower
11 silly lockFile 206e3ce5-bower bower
12 verbose addNamed [ 'bower', '' ]
13 verbose addNamed [ null, '*' ]
14 silly lockFile 1240aab1-bower bower@
15 verbose lock bower@ /home/vagrant/.npm/1240aab1-bower.lock
16 silly addNameRange { name: 'bower', range: '*', hasData: false }
17 verbose url raw bower
18 verbose url resolving [ 'https://registry.npmjs.org/', './bower' ]
19 verbose url resolved https://registry.npmjs.org/bower
20 info trying registry request attempt 1 at 10:27:55
21 http GET https://registry.npmjs.org/bower
22 http 200 https://registry.npmjs.org/bower
23 silly registry.get cb [ 200,
23 silly registry.get   { server: 'CouchDB/1.5.0 (Erlang OTP/R16B03)',
23 silly registry.get     etag: '"A1YCJ6PMQ6P9Z4133COPXWET8"',
23 silly registry.get     'content-type': 'application/json',
23 silly registry.get     'cache-control': 'max-age=60',
23 silly registry.get     'content-length': '112297',
23 silly registry.get     'accept-ranges': 'bytes',
23 silly registry.get     date: 'Thu, 11 Jun 2015 10:27:58 GMT',
23 silly registry.get     via: '1.1 varnish',
23 silly registry.get     age: '8',
23 silly registry.get     connection: 'keep-alive',
23 silly registry.get     'x-served-by': 'cache-fra1233-FRA',
23 silly registry.get     'x-cache': 'HIT',
23 silly registry.get     'x-cache-hits': '1',
23 silly registry.get     'x-timer': 'S1434018478.353345,VS0,VE0',
23 silly registry.get     vary: 'Accept' } ]
24 silly addNameRange number 2 { name: 'bower', range: '*', hasData: true }
25 silly addNameRange versions [ 'bower',
25 silly addNameRange   [ '0.1.0',
25 silly addNameRange     '0.1.2',
25 silly addNameRange     '0.1.3',
25 silly addNameRange     '0.2.0',
25 silly addNameRange     '0.3.0',
25 silly addNameRange     '0.3.1',
25 silly addNameRange     '0.3.2',
25 silly addNameRange     '0.4.0',
25 silly addNameRange     '0.5.0',
25 silly addNameRange     '0.5.1',
25 silly addNameRange     '0.6.0',
25 silly addNameRange     '0.6.1',
25 silly addNameRange     '0.6.2',
25 silly addNameRange     '0.6.3',
25 silly addNameRange     '0.6.4',
25 silly addNameRange     '0.6.5',
25 silly addNameRange     '0.6.6',
25 silly addNameRange     '0.6.7',
25 silly addNameRange     '0.6.8',
25 silly addNameRange     '0.7.0',
25 silly addNameRange     '0.7.1',
25 silly addNameRange     '0.8.0',
25 silly addNameRange     '0.8.1',
25 silly addNameRange     '0.8.2',
25 silly addNameRange     '0.8.3',
25 silly addNameRange     '0.8.4',
25 silly addNameRange     '0.8.5',
25 silly addNameRange     '0.8.6',
25 silly addNameRange     '0.9.0',
25 silly addNameRange     '0.9.1',
25 silly addNameRange     '0.9.2',
25 silly addNameRange     '0.10.0',
25 silly addNameRange     '1.0.0',
25 silly addNameRange     '1.0.1',
25 silly addNameRange     '1.0.2',
25 silly addNameRange     '1.0.3',
25 silly addNameRange     '1.1.0',
25 silly addNameRange     '1.1.1',
25 silly addNameRange     '1.1.2',
25 silly addNameRange     '1.2.0',
25 silly addNameRange     '1.2.1',
25 silly addNameRange     '1.2.2',
25 silly addNameRange     '1.2.3',
25 silly addNameRange     '1.2.4',
25 silly addNameRange     '1.2.5',
25 silly addNameRange     '1.2.6',
25 silly addNameRange     '1.2.7',
25 silly addNameRange     '1.2.8',
25 silly addNameRange     '1.3.0',
25 silly addNameRange     '1.3.1',
25 silly addNameRange     '1.3.2',
25 silly addNameRange     '1.3.3',
25 silly addNameRange     '1.3.4',
25 silly addNameRange     '1.3.5',
25 silly addNameRange     '1.3.6',
25 silly addNameRange     '1.3.7',
25 silly addNameRange     '1.3.8',
25 silly addNameRange     '1.3.9',
25 silly addNameRange     '1.3.10',
25 silly addNameRange     '1.3.11',
25 silly addNameRange     '1.3.12',
25 silly addNameRange     '1.4.0',
25 silly addNameRange     '1.4.1' ] ]
26 verbose addNamed [ 'bower', '1.4.1' ]
27 verbose addNamed [ '1.4.1', '1.4.1' ]
28 silly lockFile 185f46c0-bower-1-4-1 bower@1.4.1
29 verbose lock bower@1.4.1 /home/vagrant/.npm/185f46c0-bower-1-4-1.lock
30 silly lockFile 04dcb06b--npmjs-org-bower-bower-1-4-1-tgz https://registry.npmjs.org/bower/-/bower-1.4.1.tgz
31 verbose lock https://registry.npmjs.org/bower/-/bower-1.4.1.tgz /home/vagrant/.npm/04dcb06b--npmjs-org-bower-bower-1-4-1-tgz.lock
32 verbose addRemoteTarball [ 'https://registry.npmjs.org/bower/-/bower-1.4.1.tgz',
32 verbose addRemoteTarball   'a18be39d030792754f30f1c5b32d37b0156ba8dd' ]
33 info retry fetch attempt 1 at 10:27:55
34 verbose fetch to= /home/vagrant/tmp/npm-2972-T8kXAE4W/registry.npmjs.org/bower/-/bower-1.4.1.tgz
35 http GET https://registry.npmjs.org/bower/-/bower-1.4.1.tgz
36 http 200 https://registry.npmjs.org/bower/-/bower-1.4.1.tgz
37 silly lockFile 04dcb06b--npmjs-org-bower-bower-1-4-1-tgz https://registry.npmjs.org/bower/-/bower-1.4.1.tgz
38 silly lockFile 04dcb06b--npmjs-org-bower-bower-1-4-1-tgz https://registry.npmjs.org/bower/-/bower-1.4.1.tgz
39 silly lockFile 185f46c0-bower-1-4-1 bower@1.4.1
40 silly lockFile 185f46c0-bower-1-4-1 bower@1.4.1
41 silly lockFile 1240aab1-bower bower@
42 silly lockFile 1240aab1-bower bower@
43 silly resolved [ { name: 'bower',
43 silly resolved     version: '1.4.1',
43 silly resolved     description: 'The browser package manager',
43 silly resolved     author: { name: 'Twitter' },
43 silly resolved     licenses: [ [Object] ],
43 silly resolved     repository: { type: 'git', url: 'https://github.com/bower/bower' },
43 silly resolved     main: 'lib',
43 silly resolved     homepage: 'http://bower.io',
43 silly resolved     engines: { node: '>=0.10.0' },
43 silly resolved     dependencies:
43 silly resolved      { abbrev: '^1.0.5',
43 silly resolved        archy: '1.0.0',
43 silly resolved        'bower-config': '^0.6.1',
43 silly resolved        'bower-endpoint-parser': '^0.2.2',
43 silly resolved        'bower-json': '^0.4.0',
43 silly resolved        'bower-logger': '^0.2.2',
43 silly resolved        'bower-registry-client': '^0.3.0',
43 silly resolved        cardinal: '0.4.4',
43 silly resolved        chalk: '^1.0.0',
43 silly resolved        chmodr: '0.1.0',
43 silly resolved        configstore: '^0.3.2',
43 silly resolved        'decompress-zip': '^0.1.0',
43 silly resolved        fstream: '^1.0.3',
43 silly resolved        'fstream-ignore': '^1.0.2',
43 silly resolved        github: '^0.2.3',
43 silly resolved        glob: '^4.3.2',
43 silly resolved        'graceful-fs': '^3.0.5',
43 silly resolved        handlebars: '^2.0.0',
43 silly resolved        inquirer: '0.8.0',
43 silly resolved        insight: '^0.5.0',
43 silly resolved        'is-root': '^1.0.0',
43 silly resolved        junk: '^1.0.0',
43 silly resolved        lockfile: '^1.0.0',
43 silly resolved        'lru-cache': '^2.5.0',
43 silly resolved        mkdirp: '0.5.0',
43 silly resolved        mout: '^0.11.0',
43 silly resolved        nopt: '^3.0.1',
43 silly resolved        opn: '^1.0.1',
43 silly resolved        'p-throttler': '0.1.1',
43 silly resolved        promptly: '0.2.0',
43 silly resolved        q: '^1.1.2',
43 silly resolved        request: '2.53.0',
43 silly resolved        'request-progress': '0.3.1',
43 silly resolved        retry: '0.6.1',
43 silly resolved        rimraf: '^2.2.8',
43 silly resolved        semver: '^2.3.0',
43 silly resolved        'shell-quote': '^1.4.2',
43 silly resolved        'stringify-object': '^1.0.0',
43 silly resolved        'tar-fs': '^1.4.1',
43 silly resolved        tmp: '0.0.24',
43 silly resolved        'update-notifier': '^0.3.0',
43 silly resolved        'user-home': '^1.1.0',
43 silly resolved        which: '^1.0.8' },
43 silly resolved     devDependencies:
43 silly resolved      { chai: '^1.10.0',
43 silly resolved        coveralls: '^2.11.2',
43 silly resolved        'expect.js': '^0.3.1',
43 silly resolved        grunt: '^0.4.5',
43 silly resolved        'grunt-cli': '^0.1.13',
43 silly resolved        'grunt-contrib-jshint': '^0.10.0',
43 silly resolved        'grunt-contrib-watch': '^0.6.1',
43 silly resolved        'grunt-exec': '^0.4.6',
43 silly resolved        'grunt-simple-mocha': '^0.4.0',
43 silly resolved        istanbul: '^0.3.5',
43 silly resolved        'load-grunt-tasks': '^2.0.0',
43 silly resolved        mocha: '^2.1.0',
43 silly resolved        multiline: '^1.0.2',
43 silly resolved        nock: '^0.56.0',
43 silly resolved        'node-uuid': '^1.4.2',
43 silly resolved        proxyquire: '^1.3.0',
43 silly resolved        'spawn-sync': '^1.0.5' },
43 silly resolved     scripts: { test: 'grunt test' },
43 silly resolved     bin: { bower: 'bin/bower' },
43 silly resolved     preferGlobal: true,
43 silly resolved     gitHead: 'a1287416d40f944d58cb8f2e774e2076bfffd32f',
43 silly resolved     bugs: { url: 'https://github.com/bower/bower/issues' },
43 silly resolved     _id: 'bower@1.4.1',
43 silly resolved     _shasum: 'a18be39d030792754f30f1c5b32d37b0156ba8dd',
43 silly resolved     _from: 'bower@',
43 silly resolved     _npmVersion: '2.7.4',
43 silly resolved     _nodeVersion: '0.12.0',
43 silly resolved     _npmUser: { name: 'sheerun', email: 'sheerun@sher.pl' },
43 silly resolved     maintainers: [ [Object], [Object], [Object], [Object], [Object], [Object] ],
43 silly resolved     dist:
43 silly resolved      { shasum: 'a18be39d030792754f30f1c5b32d37b0156ba8dd',
43 silly resolved        tarball: 'http://registry.npmjs.org/bower/-/bower-1.4.1.tgz' },
43 silly resolved     directories: {},
43 silly resolved     _resolved: 'https://registry.npmjs.org/bower/-/bower-1.4.1.tgz' } ]
44 info install bower@1.4.1 into /usr/lib
45 info installOne bower@1.4.1
46 info /usr/lib/node_modules/bower unbuild
47 info preuninstall bower@1.3.5
48 info uninstall bower@1.3.5
49 verbose true,/usr/lib/node_modules,/usr/lib/node_modules unbuild bower@1.3.5
50 verbose /usr/bin,[object Object] binRoot
51 info /usr/lib/node_modules/bower unbuild
52 info preuninstall bower@1.3.5
53 info uninstall bower@1.3.5
54 verbose true,/usr/lib/node_modules,/usr/lib/node_modules unbuild bower@1.3.5
55 verbose /usr/bin,[object Object] binRoot
56 error error rolling back Error: EACCES, unlink '/usr/bin/bower'
56 error error rolling back  bower@1.4.1 { [Error: EACCES, unlink '/usr/bin/bower'] errno: 3, code: 'EACCES', path: '/usr/bin/bower' }
57 error Error: EACCES, unlink '/usr/bin/bower'
57 error  { [Error: EACCES, unlink '/usr/bin/bower'] errno: 3, code: 'EACCES', path: '/usr/bin/bower' }
58 error Please try running this command again as root/Administrator.
59 error System Linux 3.13.0-24-generic
60 error command "/usr/bin/node" "/usr/bin/npm" "install" "-g" "bower"
61 error cwd /home/vagrant/Code/Laravel
62 error node -v v0.10.29
63 error npm -v 1.4.14
64 error path /usr/bin/bower
65 error code EACCES
66 error errno 3
67 error stack Error: EACCES, unlink '/usr/bin/bower'
68 verbose exit [ 3, true ]
